# JRE version: OpenJDK Runtime Environment Temurin-21.0.11+10 (21.0.11+10) (build 21.0.11+10-LTS)
# Java VM: OpenJDK 64-Bit Server VM Temurin-21.0.11+10 (21.0.11+10-LTS, mixed mode, sharing, tiered, compressed oops, compressed class ptrs, parallel gc, windows-amd64)
GC Precious Log:
 CardTable entry size: 512
 CPUs: 8 total, 8 available
 Memory: 24375M
 Large Page Support: Disabled
 NUMA Support: Disabled
 Compressed Oops: Enabled (32-bit)
 Alignments: Space 512K, Generation 512K, Heap 2M
 Heap Min Capacity: 100M
 Heap Initial Capacity: 100M
 Heap Max Capacity: 2G
 Pre-touch: Disabled
 Parallel Workers: 8
Heap:
 PSYoungGen      total 7168K, used 1808K [0x00000000d5580000, 0x00000000d5e00000, 0x0000000100000000)
  eden space 5632K, 7% used [0x00000000d5580000,0x00000000d55ef1e8,0x00000000d5b00000)
  from space 1536K, 88% used [0x00000000d5b00000,0x00000000d5c55058,0x00000000d5c80000)
  to   space 1536K, 0% used [0x00000000d5c80000,0x00000000d5c80000,0x00000000d5e00000)
 ParOldGen       total 161280K, used 160828K [0x0000000080000000, 0x0000000089d80000, 0x00000000d5580000)
  object space 161280K, 99% used [0x0000000080000000,0x0000000089d0f108,0x0000000089d80000)
 Metaspace       used 75011K, committed 76608K, reserved 1179648K
  class space    used 8000K, committed 8704K, reserved 1048576K
GC Heap History (20 events):
Event: 4404.356 GC heap before
{Heap before GC invocations=130 (full 3):
 PSYoungGen      total 10752K, used 10271K [0x00000000d5580000, 0x00000000d6680000, 0x0000000100000000)
  eden space 5632K, 100% used [0x00000000d5580000,0x00000000d5b00000,0x00000000d5b00000)
  from space 5120K, 90% used [0x00000000d6180000,0x00000000d6607e40,0x00000000d6680000)
  to   space 5120K, 0% used [0x00000000d5c80000,0x00000000d5c80000,0x00000000d6180000)
 ParOldGen       total 147456K, used 147035K [0x0000000080000000, 0x0000000089000000, 0x00000000d5580000)
  object space 147456K, 99% used [0x0000000080000000,0x0000000088f96c30,0x0000000089000000)
 Metaspace       used 72429K, committed 73920K, reserved 1179648K
  class space    used 7843K, committed 8512K, reserved 1048576K
}
Event: 4404.360 GC heap after
{Heap after GC invocations=130 (full 3):
 PSYoungGen      total 8192K, used 2222K [0x00000000d5580000, 0x00000000d6200000, 0x0000000100000000)
  eden space 5632K, 0% used [0x00000000d5580000,0x00000000d5580000,0x00000000d5b00000)
  from space 2560K, 86% used [0x00000000d5c80000,0x00000000d5eabae0,0x00000000d5f00000)
  to   space 3072K, 0% used [0x00000000d5f00000,0x00000000d5f00000,0x00000000d6200000)
 ParOldGen       total 151552K, used 151498K [0x0000000080000000, 0x0000000089400000, 0x00000000d5580000)
  object space 151552K, 99% used [0x0000000080000000,0x00000000893f2bf8,0x0000000089400000)
 Metaspace       used 72429K, committed 73920K, reserved 1179648K
  class space    used 7843K, committed 8512K, reserved 1048576K
}
Event: 4404.521 GC heap before
{Heap before GC invocations=131 (full 3):
 PSYoungGen      total 8192K, used 7854K [0x00000000d5580000, 0x00000000d6200000, 0x0000000100000000)
  eden space 5632K, 100% used [0x00000000d5580000,0x00000000d5b00000,0x00000000d5b00000)
  from space 2560K, 86% used [0x00000000d5c80000,0x00000000d5eabae0,0x00000000d5f00000)
  to   space 3072K, 0% used [0x00000000d5f00000,0x00000000d5f00000,0x00000000d6200000)
 ParOldGen       total 151552K, used 151498K [0x0000000080000000, 0x0000000089400000, 0x00000000d5580000)
  object space 151552K, 99% used [0x0000000080000000,0x00000000893f2bf8,0x0000000089400000)
 Metaspace       used 72514K, committed 74048K, reserved 1179648K
  class space    used 7847K, committed 8512K, reserved 1048576K
}
Event: 4404.523 GC heap after
{Heap after GC invocations=131 (full 3):
 PSYoungGen      total 7680K, used 1595K [0x00000000d5580000, 0x00000000d6100000, 0x0000000100000000)
  eden space 5632K, 0% used [0x00000000d5580000,0x00000000d5580000,0x00000000d5b00000)
  from space 2048K, 77% used [0x00000000d5f00000,0x00000000d608ed98,0x00000000d6100000)
  to   space 2048K, 0% used [0x00000000d5d00000,0x00000000d5d00000,0x00000000d5f00000)
 ParOldGen       total 153600K, used 153532K [0x0000000080000000, 0x0000000089600000, 0x00000000d5580000)
  object space 153600K, 99% used [0x0000000080000000,0x00000000895ef208,0x0000000089600000)
 Metaspace       used 72514K, committed 74048K, reserved 1179648K
  class space    used 7847K, committed 8512K, reserved 1048576K
}
Event: 4404.659 GC heap before
{Heap before GC invocations=132 (full 3):
 PSYoungGen      total 7680K, used 7227K [0x00000000d5580000, 0x00000000d6100000, 0x0000000100000000)
  eden space 5632K, 100% used [0x00000000d5580000,0x00000000d5b00000,0x00000000d5b00000)
  from space 2048K, 77% used [0x00000000d5f00000,0x00000000d608ed98,0x00000000d6100000)
  to   space 2048K, 0% used [0x00000000d5d00000,0x00000000d5d00000,0x00000000d5f00000)
 ParOldGen       total 153600K, used 153532K [0x0000000080000000, 0x0000000089600000, 0x00000000d5580000)
  object space 153600K, 99% used [0x0000000080000000,0x00000000895ef208,0x0000000089600000)
 Metaspace       used 72544K, committed 74048K, reserved 1179648K
  class space    used 7847K, committed 8512K, reserved 1048576K
}
Event: 4404.661 GC heap after
{Heap after GC invocations=132 (full 3):
 PSYoungGen      total 6656K, used 618K [0x00000000d5580000, 0x00000000d5f80000, 0x0000000100000000)
  eden space 5632K, 0% used [0x00000000d5580000,0x00000000d5580000,0x00000000d5b00000)
  from space 1024K, 60% used [0x00000000d5d00000,0x00000000d5d9a9b8,0x00000000d5e00000)
  to   space 1536K, 0% used [0x00000000d5e00000,0x00000000d5e00000,0x00000000d5f80000)
 ParOldGen       total 155136K, used 154896K [0x0000000080000000, 0x0000000089780000, 0x00000000d5580000)
  object space 155136K, 99% used [0x0000000080000000,0x0000000089744120,0x0000000089780000)
 Metaspace       used 72544K, committed 74048K, reserved 1179648K
  class space    used 7847K, committed 8512K, reserved 1048576K
}
Event: 4404.798 GC heap before
{Heap before GC invocations=133 (full 3):
 PSYoungGen      total 6656K, used 6250K [0x00000000d5580000, 0x00000000d5f80000, 0x0000000100000000)
  eden space 5632K, 100% used [0x00000000d5580000,0x00000000d5b00000,0x00000000d5b00000)
  from space 1024K, 60% used [0x00000000d5d00000,0x00000000d5d9a9b8,0x00000000d5e00000)
  to   space 1536K, 0% used [0x00000000d5e00000,0x00000000d5e00000,0x00000000d5f80000)
 ParOldGen       total 155136K, used 154896K [0x0000000080000000, 0x0000000089780000, 0x00000000d5580000)
  object space 155136K, 99% used [0x0000000080000000,0x0000000089744120,0x0000000089780000)
 Metaspace       used 72790K, committed 74368K, reserved 1179648K
  class space    used 7863K, committed 8576K, reserved 1048576K
}
Event: 4404.799 GC heap after
{Heap after GC invocations=133 (full 3):
 PSYoungGen      total 7168K, used 1202K [0x00000000d5580000, 0x00000000d5f80000, 0x0000000100000000)
  eden space 5632K, 0% used [0x00000000d5580000,0x00000000d5580000,0x00000000d5b00000)
  from space 1536K, 78% used [0x00000000d5e00000,0x00000000d5f2c8b8,0x00000000d5f80000)
  to   space 1536K, 0% used [0x00000000d5c80000,0x00000000d5c80000,0x00000000d5e00000)
 ParOldGen       total 155648K, used 155426K [0x0000000080000000, 0x0000000089800000, 0x00000000d5580000)
  object space 155648K, 99% used [0x0000000080000000,0x00000000897c8ad8,0x0000000089800000)
 Metaspace       used 72790K, committed 74368K, reserved 1179648K
  class space    used 7863K, committed 8576K, reserved 1048576K
}
Event: 4404.855 GC heap before
{Heap before GC invocations=134 (full 3):
 PSYoungGen      total 7168K, used 6834K [0x00000000d5580000, 0x00000000d5f80000, 0x0000000100000000)
  eden space 5632K, 100% used [0x00000000d5580000,0x00000000d5b00000,0x00000000d5b00000)
  from space 1536K, 78% used [0x00000000d5e00000,0x00000000d5f2c8b8,0x00000000d5f80000)
  to   space 1536K, 0% used [0x00000000d5c80000,0x00000000d5c80000,0x00000000d5e00000)
 ParOldGen       total 155648K, used 155426K [0x0000000080000000, 0x0000000089800000, 0x00000000d5580000)
  object space 155648K, 99% used [0x0000000080000000,0x00000000897c8ad8,0x0000000089800000)
 Metaspace       used 72956K, committed 74496K, reserved 1179648K
  class space    used 7869K, committed 8576K, reserved 1048576K
}
Event: 4404.856 GC heap after
{Heap after GC invocations=134 (full 3):
 PSYoungGen      total 6144K, used 416K [0x00000000d5580000, 0x00000000d5e80000, 0x0000000100000000)
  eden space 5632K, 0% used [0x00000000d5580000,0x00000000d5580000,0x00000000d5b00000)
  from space 512K, 81% used [0x00000000d5c80000,0x00000000d5ce8000,0x00000000d5d00000)
  to   space 1024K, 0% used [0x00000000d5d80000,0x00000000d5d80000,0x00000000d5e80000)
 ParOldGen       total 156672K, used 156517K [0x0000000080000000, 0x0000000089900000, 0x00000000d5580000)
  object space 156672K, 99% used [0x0000000080000000,0x00000000898d9658,0x0000000089900000)
 Metaspace       used 72956K, committed 74496K, reserved 1179648K
  class space    used 7869K, committed 8576K, reserved 1048576K
}
Event: 4404.923 GC heap before
{Heap before GC invocations=135 (full 3):
 PSYoungGen      total 6144K, used 6048K [0x00000000d5580000, 0x00000000d5e80000, 0x0000000100000000)
  eden space 5632K, 100% used [0x00000000d5580000,0x00000000d5b00000,0x00000000d5b00000)
  from space 512K, 81% used [0x00000000d5c80000,0x00000000d5ce8000,0x00000000d5d00000)
  to   space 1024K, 0% used [0x00000000d5d80000,0x00000000d5d80000,0x00000000d5e80000)
 ParOldGen       total 156672K, used 156517K [0x0000000080000000, 0x0000000089900000, 0x00000000d5580000)
  object space 156672K, 99% used [0x0000000080000000,0x00000000898d9658,0x0000000089900000)
 Metaspace       used 73103K, committed 74688K, reserved 1179648K
  class space    used 7880K, committed 8576K, reserved 1048576K
}
Event: 4404.926 GC heap after
{Heap after GC invocations=135 (full 3):
 PSYoungGen      total 6144K, used 352K [0x00000000d5580000, 0x00000000d5e00000, 0x0000000100000000)
  eden space 5632K, 0% used [0x00000000d5580000,0x00000000d5580000,0x00000000d5b00000)
  from space 512K, 68% used [0x00000000d5d80000,0x00000000d5dd8000,0x00000000d5e00000)
  to   space 512K, 0% used [0x00000000d5c80000,0x00000000d5c80000,0x00000000d5d00000)
 ParOldGen       total 157184K, used 156881K [0x0000000080000000, 0x0000000089980000, 0x00000000d5580000)
  object space 157184K, 99% used [0x0000000080000000,0x00000000899346c0,0x0000000089980000)
 Metaspace       used 73103K, committed 74688K, reserved 1179648K
  class space    used 7880K, committed 8576K, reserved 1048576K
}
Event: 4405.113 GC heap before
{Heap before GC invocations=136 (full 3):
 PSYoungGen      total 6144K, used 5984K [0x00000000d5580000, 0x00000000d5e00000, 0x0000000100000000)
  eden space 5632K, 100% used [0x00000000d5580000,0x00000000d5b00000,0x00000000d5b00000)
  from space 512K, 68% used [0x00000000d5d80000,0x00000000d5dd8000,0x00000000d5e00000)
  to   space 512K, 0% used [0x00000000d5c80000,0x00000000d5c80000,0x00000000d5d00000)
 ParOldGen       total 157184K, used 156881K [0x0000000080000000, 0x0000000089980000, 0x00000000d5580000)
  object space 157184K, 99% used [0x0000000080000000,0x00000000899346c0,0x0000000089980000)
 Metaspace       used 73425K, committed 75008K, reserved 1179648K
  class space    used 7921K, committed 8640K, reserved 1048576K
}
Event: 4405.115 GC heap after
{Heap after GC invocations=136 (full 3):
 PSYoungGen      total 6144K, used 480K [0x00000000d5580000, 0x00000000d5e00000, 0x0000000100000000)
  eden space 5632K, 0% used [0x00000000d5580000,0x00000000d5580000,0x00000000d5b00000)
  from space 512K, 93% used [0x00000000d5c80000,0x00000000d5cf8030,0x00000000d5d00000)
  to   space 1024K, 0% used [0x00000000d5d00000,0x00000000d5d00000,0x00000000d5e00000)
 ParOldGen       total 157696K, used 157566K [0x0000000080000000, 0x0000000089a00000, 0x00000000d5580000)
  object space 157696K, 99% used [0x0000000080000000,0x00000000899df830,0x0000000089a00000)
 Metaspace       used 73425K, committed 75008K, reserved 1179648K
  class space    used 7921K, committed 8640K, reserved 1048576K
}
Event: 4405.231 GC heap before
{Heap before GC invocations=137 (full 3):
 PSYoungGen      total 6144K, used 6112K [0x00000000d5580000, 0x00000000d5e00000, 0x0000000100000000)
  eden space 5632K, 100% used [0x00000000d5580000,0x00000000d5b00000,0x00000000d5b00000)
  from space 512K, 93% used [0x00000000d5c80000,0x00000000d5cf8030,0x00000000d5d00000)
  to   space 1024K, 0% used [0x00000000d5d00000,0x00000000d5d00000,0x00000000d5e00000)
 ParOldGen       total 157696K, used 157566K [0x0000000080000000, 0x0000000089a00000, 0x00000000d5580000)
  object space 157696K, 99% used [0x0000000080000000,0x00000000899df830,0x0000000089a00000)
 Metaspace       used 73759K, committed 75392K, reserved 1179648K
  class space    used 7926K, committed 8640K, reserved 1048576K
}
Event: 4405.234 GC heap after
{Heap after GC invocations=137 (full 3):
 PSYoungGen      total 6656K, used 1024K [0x00000000d5580000, 0x00000000d5f00000, 0x0000000100000000)
  eden space 5632K, 0% used [0x00000000d5580000,0x00000000d5580000,0x00000000d5b00000)
  from space 1024K, 100% used [0x00000000d5d00000,0x00000000d5e00000,0x00000000d5e00000)
  to   space 2048K, 0% used [0x00000000d5b00000,0x00000000d5b00000,0x00000000d5d00000)
 ParOldGen       total 158208K, used 158126K [0x0000000080000000, 0x0000000089a80000, 0x00000000d5580000)
  object space 158208K, 99% used [0x0000000080000000,0x0000000089a6b860,0x0000000089a80000)
 Metaspace       used 73759K, committed 75392K, reserved 1179648K
  class space    used 7926K, committed 8640K, reserved 1048576K
}
Event: 4405.430 GC heap before
{Heap before GC invocations=138 (full 3):
 PSYoungGen      total 6656K, used 6656K [0x00000000d5580000, 0x00000000d5f00000, 0x0000000100000000)
  eden space 5632K, 100% used [0x00000000d5580000,0x00000000d5b00000,0x00000000d5b00000)
  from space 1024K, 100% used [0x00000000d5d00000,0x00000000d5e00000,0x00000000d5e00000)
  to   space 2048K, 0% used [0x00000000d5b00000,0x00000000d5b00000,0x00000000d5d00000)
 ParOldGen       total 158208K, used 158126K [0x0000000080000000, 0x0000000089a80000, 0x00000000d5580000)
  object space 158208K, 99% used [0x0000000080000000,0x0000000089a6b860,0x0000000089a80000)
 Metaspace       used 74349K, committed 75968K, reserved 1179648K
  class space    used 7973K, committed 8704K, reserved 1048576K
}
Event: 4405.433 GC heap after
{Heap after GC invocations=138 (full 3):
 PSYoungGen      total 7168K, used 1143K [0x00000000d5580000, 0x00000000d5e00000, 0x0000000100000000)
  eden space 5632K, 0% used [0x00000000d5580000,0x00000000d5580000,0x00000000d5b00000)
  from space 1536K, 74% used [0x00000000d5b00000,0x00000000d5c1ddd0,0x00000000d5c80000)
  to   space 1536K, 0% used [0x00000000d5c80000,0x00000000d5c80000,0x00000000d5e00000)
 ParOldGen       total 159232K, used 159053K [0x0000000080000000, 0x0000000089b80000, 0x00000000d5580000)
  object space 159232K, 99% used [0x0000000080000000,0x0000000089b537b8,0x0000000089b80000)
 Metaspace       used 74349K, committed 75968K, reserved 1179648K
  class space    used 7973K, committed 8704K, reserved 1048576K
}
Event: 4405.521 GC heap before
{Heap before GC invocations=139 (full 3):
 PSYoungGen      total 7168K, used 6775K [0x00000000d5580000, 0x00000000d5e00000, 0x0000000100000000)
  eden space 5632K, 100% used [0x00000000d5580000,0x00000000d5b00000,0x00000000d5b00000)
  from space 1536K, 74% used [0x00000000d5b00000,0x00000000d5c1ddd0,0x00000000d5c80000)
  to   space 1536K, 0% used [0x00000000d5c80000,0x00000000d5c80000,0x00000000d5e00000)
 ParOldGen       total 159232K, used 159053K [0x0000000080000000, 0x0000000089b80000, 0x00000000d5580000)
  object space 159232K, 99% used [0x0000000080000000,0x0000000089b537b8,0x0000000089b80000)
 Metaspace       used 74626K, committed 76224K, reserved 1179648K
  class space    used 7988K, committed 8704K, reserved 1048576K
}
Event: 4405.523 GC heap after
{Heap after GC invocations=139 (full 3):
 PSYoungGen      total 7168K, used 985K [0x00000000d5580000, 0x00000000d5e00000, 0x0000000100000000)
  eden space 5632K, 0% used [0x00000000d5580000,0x00000000d5580000,0x00000000d5b00000)
  from space 1536K, 64% used [0x00000000d5c80000,0x00000000d5d76680,0x00000000d5e00000)
  to   space 1536K, 0% used [0x00000000d5b00000,0x00000000d5b00000,0x00000000d5c80000)
 ParOldGen       total 160256K, used 160030K [0x0000000080000000, 0x0000000089c80000, 0x00000000d5580000)
  object space 160256K, 99% used [0x0000000080000000,0x0000000089c47850,0x0000000089c80000)
 Metaspace       used 74626K, committed 76224K, reserved 1179648K
  class space    used 7988K, committed 8704K, reserved 1048576K
}

