# JRE version: OpenJDK Runtime Environment Temurin-21.0.11+10 (21.0.11+10) (build 21.0.11+10-LTS)
# Java VM: OpenJDK 64-Bit Server VM Temurin-21.0.11+10 (21.0.11+10-LTS, mixed mode, sharing, tiered, compressed oops, compressed class ptrs, parallel gc, windows-amd64)
GC Precious Log:
 CardTable entry size: 512
 CPUs: 8 total, 8 available
 Memory: 24375M
 Large Page Support: Disabled
 NUMA Support: Disabled
 Compressed Oops: Enabled (32-bit)
 Alignments: Space 512K, Generation 512K, Heap 2M
 Heap Min Capacity: 100M
 Heap Initial Capacity: 100M
 Heap Max Capacity: 2G
 Pre-touch: Disabled
 Parallel Workers: 8
Heap:
 PSYoungGen      total 2560K, used 2198K [0x00000000d5580000, 0x00000000d5980000, 0x0000000100000000)
  eden space 2048K, 82% used [0x00000000d5580000,0x00000000d5725a68,0x00000000d5780000)
  from space 512K, 100% used [0x00000000d5800000,0x00000000d5880000,0x00000000d5880000)
  to   space 1024K, 0% used [0x00000000d5880000,0x00000000d5880000,0x00000000d5980000)
 ParOldGen       total 111104K, used 95872K [0x0000000080000000, 0x0000000086c80000, 0x00000000d5580000)
  object space 111104K, 86% used [0x0000000080000000,0x0000000085da0010,0x0000000086c80000)
 Metaspace       used 73728K, committed 75392K, reserved 1179648K
  class space    used 7649K, committed 8384K, reserved 1048576K
GC Heap History (20 events):
Event: 323.746 GC heap before
{Heap before GC invocations=369 (full 4):
 PSYoungGen      total 3072K, used 2688K [0x00000000d5580000, 0x00000000d5980000, 0x0000000100000000)
  eden space 2048K, 100% used [0x00000000d5580000,0x00000000d5780000,0x00000000d5780000)
  from space 1024K, 62% used [0x00000000d5880000,0x00000000d5920000,0x00000000d5980000)
  to   space 1024K, 0% used [0x00000000d5780000,0x00000000d5780000,0x00000000d5880000)
 ParOldGen       total 111104K, used 92001K [0x0000000080000000, 0x0000000086c80000, 0x00000000d5580000)
  object space 111104K, 82% used [0x0000000080000000,0x00000000859d8760,0x0000000086c80000)
 Metaspace       used 73565K, committed 75264K, reserved 1179648K
  class space    used 7647K, committed 8384K, reserved 1048576K
}
Event: 323.747 GC heap after
{Heap after GC invocations=369 (full 4):
 PSYoungGen      total 3072K, used 576K [0x00000000d5580000, 0x00000000d5980000, 0x0000000100000000)
  eden space 2048K, 0% used [0x00000000d5580000,0x00000000d5580000,0x00000000d5780000)
  from space 1024K, 56% used [0x00000000d5780000,0x00000000d5810000,0x00000000d5880000)
  to   space 1024K, 0% used [0x00000000d5880000,0x00000000d5880000,0x00000000d5980000)
 ParOldGen       total 111104K, used 92530K [0x0000000080000000, 0x0000000086c80000, 0x00000000d5580000)
  object space 111104K, 83% used [0x0000000080000000,0x0000000085a5c800,0x0000000086c80000)
 Metaspace       used 73565K, committed 75264K, reserved 1179648K
  class space    used 7647K, committed 8384K, reserved 1048576K
}
Event: 323.771 GC heap before
{Heap before GC invocations=370 (full 4):
 PSYoungGen      total 3072K, used 2624K [0x00000000d5580000, 0x00000000d5980000, 0x0000000100000000)
  eden space 2048K, 100% used [0x00000000d5580000,0x00000000d5780000,0x00000000d5780000)
  from space 1024K, 56% used [0x00000000d5780000,0x00000000d5810000,0x00000000d5880000)
  to   space 1024K, 0% used [0x00000000d5880000,0x00000000d5880000,0x00000000d5980000)
 ParOldGen       total 111104K, used 92530K [0x0000000080000000, 0x0000000086c80000, 0x00000000d5580000)
  object space 111104K, 83% used [0x0000000080000000,0x0000000085a5c800,0x0000000086c80000)
 Metaspace       used 73607K, committed 75264K, reserved 1179648K
  class space    used 7648K, committed 8384K, reserved 1048576K
}
Event: 323.772 GC heap after
{Heap after GC invocations=370 (full 4):
 PSYoungGen      total 3072K, used 576K [0x00000000d5580000, 0x00000000d5980000, 0x0000000100000000)
  eden space 2048K, 0% used [0x00000000d5580000,0x00000000d5580000,0x00000000d5780000)
  from space 1024K, 56% used [0x00000000d5880000,0x00000000d5910010,0x00000000d5980000)
  to   space 1024K, 0% used [0x00000000d5780000,0x00000000d5780000,0x00000000d5880000)
 ParOldGen       total 111104K, used 92950K [0x0000000080000000, 0x0000000086c80000, 0x00000000d5580000)
  object space 111104K, 83% used [0x0000000080000000,0x0000000085ac5870,0x0000000086c80000)
 Metaspace       used 73607K, committed 75264K, reserved 1179648K
  class space    used 7648K, committed 8384K, reserved 1048576K
}
Event: 323.788 GC heap before
{Heap before GC invocations=371 (full 4):
 PSYoungGen      total 3072K, used 2624K [0x00000000d5580000, 0x00000000d5980000, 0x0000000100000000)
  eden space 2048K, 100% used [0x00000000d5580000,0x00000000d5780000,0x00000000d5780000)
  from space 1024K, 56% used [0x00000000d5880000,0x00000000d5910010,0x00000000d5980000)
  to   space 1024K, 0% used [0x00000000d5780000,0x00000000d5780000,0x00000000d5880000)
 ParOldGen       total 111104K, used 92950K [0x0000000080000000, 0x0000000086c80000, 0x00000000d5580000)
  object space 111104K, 83% used [0x0000000080000000,0x0000000085ac5870,0x0000000086c80000)
 Metaspace       used 73621K, committed 75328K, reserved 1179648K
  class space    used 7649K, committed 8384K, reserved 1048576K
}
Event: 323.789 GC heap after
{Heap after GC invocations=371 (full 4):
 PSYoungGen      total 3072K, used 480K [0x00000000d5580000, 0x00000000d5980000, 0x0000000100000000)
  eden space 2048K, 0% used [0x00000000d5580000,0x00000000d5580000,0x00000000d5780000)
  from space 1024K, 46% used [0x00000000d5780000,0x00000000d57f8000,0x00000000d5880000)
  to   space 1024K, 0% used [0x00000000d5880000,0x00000000d5880000,0x00000000d5980000)
 ParOldGen       total 111104K, used 93398K [0x0000000080000000, 0x0000000086c80000, 0x00000000d5580000)
  object space 111104K, 84% used [0x0000000080000000,0x0000000085b358e0,0x0000000086c80000)
 Metaspace       used 73621K, committed 75328K, reserved 1179648K
  class space    used 7649K, committed 8384K, reserved 1048576K
}
Event: 323.800 GC heap before
{Heap before GC invocations=372 (full 4):
 PSYoungGen      total 3072K, used 2528K [0x00000000d5580000, 0x00000000d5980000, 0x0000000100000000)
  eden space 2048K, 100% used [0x00000000d5580000,0x00000000d5780000,0x00000000d5780000)
  from space 1024K, 46% used [0x00000000d5780000,0x00000000d57f8000,0x00000000d5880000)
  to   space 1024K, 0% used [0x00000000d5880000,0x00000000d5880000,0x00000000d5980000)
 ParOldGen       total 111104K, used 93398K [0x0000000080000000, 0x0000000086c80000, 0x00000000d5580000)
  object space 111104K, 84% used [0x0000000080000000,0x0000000085b358e0,0x0000000086c80000)
 Metaspace       used 73626K, committed 75328K, reserved 1179648K
  class space    used 7649K, committed 8384K, reserved 1048576K
}
Event: 323.801 GC heap after
{Heap after GC invocations=372 (full 4):
 PSYoungGen      total 2560K, used 480K [0x00000000d5580000, 0x00000000d5900000, 0x0000000100000000)
  eden space 2048K, 0% used [0x00000000d5580000,0x00000000d5580000,0x00000000d5780000)
  from space 512K, 93% used [0x00000000d5880000,0x00000000d58f8000,0x00000000d5900000)
  to   space 512K, 0% used [0x00000000d5800000,0x00000000d5800000,0x00000000d5880000)
 ParOldGen       total 111104K, used 93702K [0x0000000080000000, 0x0000000086c80000, 0x00000000d5580000)
  object space 111104K, 84% used [0x0000000080000000,0x0000000085b81900,0x0000000086c80000)
 Metaspace       used 73626K, committed 75328K, reserved 1179648K
  class space    used 7649K, committed 8384K, reserved 1048576K
}
Event: 323.809 GC heap before
{Heap before GC invocations=373 (full 4):
 PSYoungGen      total 2560K, used 2528K [0x00000000d5580000, 0x00000000d5900000, 0x0000000100000000)
  eden space 2048K, 100% used [0x00000000d5580000,0x00000000d5780000,0x00000000d5780000)
  from space 512K, 93% used [0x00000000d5880000,0x00000000d58f8000,0x00000000d5900000)
  to   space 512K, 0% used [0x00000000d5800000,0x00000000d5800000,0x00000000d5880000)
 ParOldGen       total 111104K, used 93702K [0x0000000080000000, 0x0000000086c80000, 0x00000000d5580000)
  object space 111104K, 84% used [0x0000000080000000,0x0000000085b81900,0x0000000086c80000)
 Metaspace       used 73627K, committed 75328K, reserved 1179648K
  class space    used 7649K, committed 8384K, reserved 1048576K
}
Event: 323.810 GC heap after
{Heap after GC invocations=373 (full 4):
 PSYoungGen      total 2560K, used 480K [0x00000000d5580000, 0x00000000d5900000, 0x0000000100000000)
  eden space 2048K, 0% used [0x00000000d5580000,0x00000000d5580000,0x00000000d5780000)
  from space 512K, 93% used [0x00000000d5800000,0x00000000d5878000,0x00000000d5880000)
  to   space 512K, 0% used [0x00000000d5880000,0x00000000d5880000,0x00000000d5900000)
 ParOldGen       total 111104K, used 94045K [0x0000000080000000, 0x0000000086c80000, 0x00000000d5580000)
  object space 111104K, 84% used [0x0000000080000000,0x0000000085bd7630,0x0000000086c80000)
 Metaspace       used 73627K, committed 75328K, reserved 1179648K
  class space    used 7649K, committed 8384K, reserved 1048576K
}
Event: 323.823 GC heap before
{Heap before GC invocations=374 (full 4):
 PSYoungGen      total 2560K, used 2528K [0x00000000d5580000, 0x00000000d5900000, 0x0000000100000000)
  eden space 2048K, 100% used [0x00000000d5580000,0x00000000d5780000,0x00000000d5780000)
  from space 512K, 93% used [0x00000000d5800000,0x00000000d5878000,0x00000000d5880000)
  to   space 512K, 0% used [0x00000000d5880000,0x00000000d5880000,0x00000000d5900000)
 ParOldGen       total 111104K, used 94045K [0x0000000080000000, 0x0000000086c80000, 0x00000000d5580000)
  object space 111104K, 84% used [0x0000000080000000,0x0000000085bd7630,0x0000000086c80000)
 Metaspace       used 73629K, committed 75328K, reserved 1179648K
  class space    used 7649K, committed 8384K, reserved 1048576K
}
Event: 323.824 GC heap after
{Heap after GC invocations=374 (full 4):
 PSYoungGen      total 2560K, used 448K [0x00000000d5580000, 0x00000000d5900000, 0x0000000100000000)
  eden space 2048K, 0% used [0x00000000d5580000,0x00000000d5580000,0x00000000d5780000)
  from space 512K, 87% used [0x00000000d5880000,0x00000000d58f0000,0x00000000d5900000)
  to   space 512K, 0% used [0x00000000d5800000,0x00000000d5800000,0x00000000d5880000)
 ParOldGen       total 111104K, used 94365K [0x0000000080000000, 0x0000000086c80000, 0x00000000d5580000)
  object space 111104K, 84% used [0x0000000080000000,0x0000000085c27650,0x0000000086c80000)
 Metaspace       used 73629K, committed 75328K, reserved 1179648K
  class space    used 7649K, committed 8384K, reserved 1048576K
}
Event: 323.830 GC heap before
{Heap before GC invocations=375 (full 4):
 PSYoungGen      total 2560K, used 2496K [0x00000000d5580000, 0x00000000d5900000, 0x0000000100000000)
  eden space 2048K, 100% used [0x00000000d5580000,0x00000000d5780000,0x00000000d5780000)
  from space 512K, 87% used [0x00000000d5880000,0x00000000d58f0000,0x00000000d5900000)
  to   space 512K, 0% used [0x00000000d5800000,0x00000000d5800000,0x00000000d5880000)
 ParOldGen       total 111104K, used 94365K [0x0000000080000000, 0x0000000086c80000, 0x00000000d5580000)
  object space 111104K, 84% used [0x0000000080000000,0x0000000085c27650,0x0000000086c80000)
 Metaspace       used 73634K, committed 75328K, reserved 1179648K
  class space    used 7649K, committed 8384K, reserved 1048576K
}
Event: 323.831 GC heap after
{Heap after GC invocations=375 (full 4):
 PSYoungGen      total 2560K, used 506K [0x00000000d5580000, 0x00000000d5980000, 0x0000000100000000)
  eden space 2048K, 0% used [0x00000000d5580000,0x00000000d5580000,0x00000000d5780000)
  from space 512K, 98% used [0x00000000d5800000,0x00000000d587e8a0,0x00000000d5880000)
  to   space 1024K, 0% used [0x00000000d5880000,0x00000000d5880000,0x00000000d5980000)
 ParOldGen       total 111104K, used 94759K [0x0000000080000000, 0x0000000086c80000, 0x00000000d5580000)
  object space 111104K, 85% used [0x0000000080000000,0x0000000085c89fb0,0x0000000086c80000)
 Metaspace       used 73634K, committed 75328K, reserved 1179648K
  class space    used 7649K, committed 8384K, reserved 1048576K
}
Event: 323.839 GC heap before
{Heap before GC invocations=376 (full 4):
 PSYoungGen      total 2560K, used 2554K [0x00000000d5580000, 0x00000000d5980000, 0x0000000100000000)
  eden space 2048K, 100% used [0x00000000d5580000,0x00000000d5780000,0x00000000d5780000)
  from space 512K, 98% used [0x00000000d5800000,0x00000000d587e8a0,0x00000000d5880000)
  to   space 1024K, 0% used [0x00000000d5880000,0x00000000d5880000,0x00000000d5980000)
 ParOldGen       total 111104K, used 94759K [0x0000000080000000, 0x0000000086c80000, 0x00000000d5580000)
  object space 111104K, 85% used [0x0000000080000000,0x0000000085c89fb0,0x0000000086c80000)
 Metaspace       used 73634K, committed 75328K, reserved 1179648K
  class space    used 7649K, committed 8384K, reserved 1048576K
}
Event: 323.841 GC heap after
{Heap after GC invocations=376 (full 4):
 PSYoungGen      total 3072K, used 448K [0x00000000d5580000, 0x00000000d5980000, 0x0000000100000000)
  eden space 2048K, 0% used [0x00000000d5580000,0x00000000d5580000,0x00000000d5780000)
  from space 1024K, 43% used [0x00000000d5880000,0x00000000d58f0000,0x00000000d5980000)
  to   space 1024K, 0% used [0x00000000d5780000,0x00000000d5780000,0x00000000d5880000)
 ParOldGen       total 111104K, used 95055K [0x0000000080000000, 0x0000000086c80000, 0x00000000d5580000)
  object space 111104K, 85% used [0x0000000080000000,0x0000000085cd3fd0,0x0000000086c80000)
 Metaspace       used 73634K, committed 75328K, reserved 1179648K
  class space    used 7649K, committed 8384K, reserved 1048576K
}
Event: 323.869 GC heap before
{Heap before GC invocations=377 (full 4):
 PSYoungGen      total 3072K, used 2496K [0x00000000d5580000, 0x00000000d5980000, 0x0000000100000000)
  eden space 2048K, 100% used [0x00000000d5580000,0x00000000d5780000,0x00000000d5780000)
  from space 1024K, 43% used [0x00000000d5880000,0x00000000d58f0000,0x00000000d5980000)
  to   space 1024K, 0% used [0x00000000d5780000,0x00000000d5780000,0x00000000d5880000)
 ParOldGen       total 111104K, used 95055K [0x0000000080000000, 0x0000000086c80000, 0x00000000d5580000)
  object space 111104K, 85% used [0x0000000080000000,0x0000000085cd3fd0,0x0000000086c80000)
 Metaspace       used 73634K, committed 75328K, reserved 1179648K
  class space    used 7649K, committed 8384K, reserved 1048576K
}
Event: 323.870 GC heap after
{Heap after GC invocations=377 (full 4):
 PSYoungGen      total 3072K, used 384K [0x00000000d5580000, 0x00000000d5900000, 0x0000000100000000)
  eden space 2048K, 0% used [0x00000000d5580000,0x00000000d5580000,0x00000000d5780000)
  from space 1024K, 37% used [0x00000000d5780000,0x00000000d57e0000,0x00000000d5880000)
  to   space 512K, 0% used [0x00000000d5880000,0x00000000d5880000,0x00000000d5900000)
 ParOldGen       total 111104K, used 95375K [0x0000000080000000, 0x0000000086c80000, 0x00000000d5580000)
  object space 111104K, 85% used [0x0000000080000000,0x0000000085d23fd0,0x0000000086c80000)
 Metaspace       used 73634K, committed 75328K, reserved 1179648K
  class space    used 7649K, committed 8384K, reserved 1048576K
}
Event: 323.915 GC heap before
{Heap before GC invocations=378 (full 4):
 PSYoungGen      total 3072K, used 2432K [0x00000000d5580000, 0x00000000d5900000, 0x0000000100000000)
  eden space 2048K, 100% used [0x00000000d5580000,0x00000000d5780000,0x00000000d5780000)
  from space 1024K, 37% used [0x00000000d5780000,0x00000000d57e0000,0x00000000d5880000)
  to   space 512K, 0% used [0x00000000d5880000,0x00000000d5880000,0x00000000d5900000)
 ParOldGen       total 111104K, used 95375K [0x0000000080000000, 0x0000000086c80000, 0x00000000d5580000)
  object space 111104K, 85% used [0x0000000080000000,0x0000000085d23fd0,0x0000000086c80000)
 Metaspace       used 73640K, committed 75328K, reserved 1179648K
  class space    used 7649K, committed 8384K, reserved 1048576K
}
Event: 323.917 GC heap after
{Heap after GC invocations=378 (full 4):
 PSYoungGen      total 2560K, used 416K [0x00000000d5580000, 0x00000000d5900000, 0x0000000100000000)
  eden space 2048K, 0% used [0x00000000d5580000,0x00000000d5580000,0x00000000d5780000)
  from space 512K, 81% used [0x00000000d5880000,0x00000000d58e8000,0x00000000d5900000)
  to   space 512K, 0% used [0x00000000d5800000,0x00000000d5800000,0x00000000d5880000)
 ParOldGen       total 111104K, used 95599K [0x0000000080000000, 0x0000000086c80000, 0x00000000d5580000)
  object space 111104K, 86% used [0x0000000080000000,0x0000000085d5bff0,0x0000000086c80000)
 Metaspace       used 73640K, committed 75328K, reserved 1179648K
  class space    used 7649K, committed 8384K, reserved 1048576K
}

